<?xml version="1.0" encoding="UTF-8"?>
<!-- Generated by org.testng.reporters.JUnitXMLReporter -->
<testsuite ignored="0" hostname="helilshahyars-iMac.local" failures="0" tests="13" name="Default test" time="62.0" errors="0" timestamp="2022-01-22T15:04:33 EST">
  <testcase classname="tests.AmazonSearchWithExcel" name="amazonSearchWithExcel" time="3.998"/>
  <testcase classname="tests.AmazonSearchWithExcel" name="amazonSearchWithExcel" time="3.816"/>
  <testcase classname="tests.AmazonSearchWithExcel" name="amazonSearchWithExcel" time="3.525"/>
  <testcase classname="tests.AmazonSearchWithExcel" name="amazonSearchWithExcel" time="4.032"/>
  <testcase classname="tests.AmazonSearchWithExcel" name="amazonSearchWithExcel" time="3.803"/>
  <testcase classname="tests.AmazonSearchWithExcel" name="amazonSearchWithExcel" time="3.322"/>
  <testcase classname="tests.AmazonSearchWithExcel" name="amazonSearchWithExcel" time="3.978"/>
  <testcase classname="tests.AmazonSearchWithExcel" name="amazonSearchWithExcel" time="3.831"/>
  <testcase classname="tests.AmazonSearchWithExcel" name="amazonSearchWithExcel" time="3.218"/>
  <testcase classname="tests.AmazonSearchWithExcel" name="amazonSearchWithExcel" time="3.591"/>
  <testcase classname="tests.AmazonSearchWithExcel" name="amazonSearchWithExcel" time="5.112"/>
  <testcase classname="tests.AmazonSearchWithExcel" name="amazonSearchWithExcel" time="4.235"/>
  <testcase classname="tests.AmazonSearchWithExcel" name="amazonSearchWithExcel" time="3.838"/>
</testsuite> <!-- Default test -->
